c:\users\alastair\documents\visual studio 2019\projects\ioctl\arm64\debug\ioctl.build\vc142.pdb
c:\users\alastair\documents\visual studio 2019\projects\ioctl\arm64\debug\ioctl.build\driver.obj
c:\users\alastair\documents\visual studio 2019\projects\ioctl_mbox\arm64\debug\ioctl.build\vc142.pdb
c:\users\alastair\documents\visual studio 2019\projects\ioctl_mbox\arm64\debug\ioctl.build\driver.obj
c:\users\alastair\documents\visual studio 2019\projects\ioctl\arm64\debug\ioctl\ioctl.cat
c:\users\alastair\documents\visual studio 2019\projects\ioctl_mbox\arm64\debug\ioctl\ioctl.cat
c:\users\alastair\documents\visual studio 2019\projects\ioctl\arm64\debug\ioctl.sys
c:\users\alastair\documents\visual studio 2019\projects\ioctl\arm64\debug\ioctl.build\ioctl.iobj
c:\users\alastair\documents\visual studio 2019\projects\ioctl\arm64\debug\ioctl.pdb
c:\users\alastair\documents\visual studio 2019\projects\ioctl_mbox\arm64\debug\ioctl.sys
c:\users\alastair\documents\visual studio 2019\projects\ioctl_mbox\arm64\debug\ioctl.build\ioctl.iobj
c:\users\alastair\documents\visual studio 2019\projects\ioctl_mbox\arm64\debug\ioctl.pdb
c:\users\alastair\documents\visual studio 2019\projects\ioctl\arm64\debug\ioctl.build\ioctl.inf
c:\users\alastair\documents\visual studio 2019\projects\ioctl_mbox\arm64\debug\ioctl.build\ioctl.inf
c:\users\alastair\documents\visual studio 2019\projects\ioctl_mbox\arm64\debug\ioctl.build\ioctl.tlog\cl.command.1.tlog
c:\users\alastair\documents\visual studio 2019\projects\ioctl_mbox\arm64\debug\ioctl.build\ioctl.tlog\cl.read.1.tlog
c:\users\alastair\documents\visual studio 2019\projects\ioctl_mbox\arm64\debug\ioctl.build\ioctl.tlog\cl.write.1.tlog
c:\users\alastair\documents\visual studio 2019\projects\ioctl_mbox\arm64\debug\ioctl.build\ioctl.tlog\inf2cat-expand.16008.read.1.tlog
c:\users\alastair\documents\visual studio 2019\projects\ioctl_mbox\arm64\debug\ioctl.build\ioctl.tlog\inf2cat-expand.16008.write.1.tlog
c:\users\alastair\documents\visual studio 2019\projects\ioctl_mbox\arm64\debug\ioctl.build\ioctl.tlog\inf2cat-expand.17664.read.1.tlog
c:\users\alastair\documents\visual studio 2019\projects\ioctl_mbox\arm64\debug\ioctl.build\ioctl.tlog\inf2cat-expand.17664.write.1.tlog
c:\users\alastair\documents\visual studio 2019\projects\ioctl_mbox\arm64\debug\ioctl.build\ioctl.tlog\inf2cat-expand.4288.read.1.tlog
c:\users\alastair\documents\visual studio 2019\projects\ioctl_mbox\arm64\debug\ioctl.build\ioctl.tlog\inf2cat-expand.4288.write.1.tlog
c:\users\alastair\documents\visual studio 2019\projects\ioctl_mbox\arm64\debug\ioctl.build\ioctl.tlog\inf2cat-expand.read.1.tlog
c:\users\alastair\documents\visual studio 2019\projects\ioctl_mbox\arm64\debug\ioctl.build\ioctl.tlog\inf2cat-expand.write.1.tlog
c:\users\alastair\documents\visual studio 2019\projects\ioctl_mbox\arm64\debug\ioctl.build\ioctl.tlog\inf2cat.command.1.tlog
c:\users\alastair\documents\visual studio 2019\projects\ioctl_mbox\arm64\debug\ioctl.build\ioctl.tlog\inf2cat.read.1.tlog
c:\users\alastair\documents\visual studio 2019\projects\ioctl_mbox\arm64\debug\ioctl.build\ioctl.tlog\inf2cat.read.8.tlog
c:\users\alastair\documents\visual studio 2019\projects\ioctl_mbox\arm64\debug\ioctl.build\ioctl.tlog\inf2cat.write.1.tlog
c:\users\alastair\documents\visual studio 2019\projects\ioctl_mbox\arm64\debug\ioctl.build\ioctl.tlog\inf2cat.write.8.tlog
c:\users\alastair\documents\visual studio 2019\projects\ioctl_mbox\arm64\debug\ioctl.build\ioctl.tlog\link.command.1.tlog
c:\users\alastair\documents\visual studio 2019\projects\ioctl_mbox\arm64\debug\ioctl.build\ioctl.tlog\link.read.1.tlog
c:\users\alastair\documents\visual studio 2019\projects\ioctl_mbox\arm64\debug\ioctl.build\ioctl.tlog\link.write.1.tlog
c:\users\alastair\documents\visual studio 2019\projects\ioctl_mbox\arm64\debug\ioctl.build\ioctl.tlog\signtool.command.1.tlog
c:\users\alastair\documents\visual studio 2019\projects\ioctl_mbox\arm64\debug\ioctl.build\ioctl.tlog\signtool.read.1.tlog
c:\users\alastair\documents\visual studio 2019\projects\ioctl_mbox\arm64\debug\ioctl.build\ioctl.tlog\signtool.timestamp.1.tlog
c:\users\alastair\documents\visual studio 2019\projects\ioctl_mbox\arm64\debug\ioctl.build\ioctl.tlog\signtool.write.1.tlog
c:\users\alastair\documents\visual studio 2019\projects\ioctl_mbox\arm64\debug\ioctl.build\ioctl.tlog\stampinf.command.1.tlog
c:\users\alastair\documents\visual studio 2019\projects\ioctl_mbox\arm64\debug\ioctl.build\ioctl.tlog\stampinf.read.1.tlog
c:\users\alastair\documents\visual studio 2019\projects\ioctl_mbox\arm64\debug\ioctl.build\ioctl.tlog\stampinf.write.1.tlog
